<?xml version="1.0" encoding="UTF-8"?>
<testsuite xmlns:xsi="http://www.w3.org/2001/XMLSchema-instance" xsi:noNamespaceSchemaLocation="https://maven.apache.org/surefire/maven-surefire-plugin/xsd/surefire-test-report-3.0.xsd" version="3.0" name="LibraryTest" time="3.843" tests="9" errors="0" skipped="0" failures="0">
  <properties>
    <property name="java.specification.version" value="23"/>
    <property name="sun.jnu.encoding" value="UTF-8"/>
    <property name="java.class.path" value="/Users/dongqianyu/Documents/2025-Spring &amp; Summer/Database System/Lab/Labs/ZJU-Database-System/Lab5/target/test-classes:/Users/dongqianyu/Documents/2025-Spring &amp; Summer/Database System/Lab/Labs/ZJU-Database-System/Lab5/target/classes:/Users/dongqianyu/.m2/repository/com/mysql/mysql-connector-j/8.0.31/mysql-connector-j-8.0.31.jar:/Users/dongqianyu/.m2/repository/com/google/protobuf/protobuf-java/3.19.4/protobuf-java-3.19.4.jar:/Users/dongqianyu/.m2/repository/org/opengauss/opengauss-jdbc/3.1.0/opengauss-jdbc-3.1.0.jar:/Users/dongqianyu/.m2/repository/com/microsoft/sqlserver/mssql-jdbc/12.2.0.jre8/mssql-jdbc-12.2.0.jre8.jar:/Users/dongqianyu/.m2/repository/junit/junit/4.13.2/junit-4.13.2.jar:/Users/dongqianyu/.m2/repository/org/hamcrest/hamcrest-core/1.3/hamcrest-core-1.3.jar:/Users/dongqianyu/.m2/repository/org/projectlombok/lombok/1.18.24/lombok-1.18.24.jar:/Users/dongqianyu/.m2/repository/org/yaml/snakeyaml/1.33/snakeyaml-1.33.jar:/Users/dongqianyu/.m2/repository/org/apache/commons/commons-lang3/3.7/commons-lang3-3.7.jar:/Users/dongqianyu/.m2/repository/com/alibaba/fastjson2/fastjson2/2.0.56/fastjson2-2.0.56.jar:/Users/dongqianyu/.m2/repository/com/google/code/gson/gson/2.8.5/gson-2.8.5.jar:"/>
    <property name="java.vm.vendor" value="Homebrew"/>
    <property name="sun.arch.data.model" value="64"/>
    <property name="java.vendor.url" value="https://github.com/Homebrew/homebrew-core/issues"/>
    <property name="os.name" value="Mac OS X"/>
    <property name="java.vm.specification.version" value="23"/>
    <property name="sun.java.launcher" value="SUN_STANDARD"/>
    <property name="user.country" value="CN"/>
    <property name="sun.boot.library.path" value="/opt/homebrew/Cellar/openjdk/23.0.2/libexec/openjdk.jdk/Contents/Home/lib"/>
    <property name="sun.java.command" value="/Users/dongqianyu/Documents/2025-Spring &amp; Summer/Database System/Lab/Labs/ZJU-Database-System/Lab5/target/surefire/surefirebooter-20250416092818096_3.jar /Users/dongqianyu/Documents/2025-Spring &amp; Summer/Database System/Lab/Labs/ZJU-Database-System/Lab5/target/surefire 2025-04-16T09-28-18_062-jvmRun1 surefire-20250416092818096_1tmp surefire_0-20250416092818096_2tmp"/>
    <property name="http.nonProxyHosts" value="127.0.0.1|192.168.0.0/16|*.192.168.0.0/16|10.0.0.0/8|*.10.0.0.0/8|172.16.0.0/12|*.172.16.0.0/12|localhost|*.localhost|local|*.local|crashlytics.com|*.crashlytics.com|&lt;local&gt;|*.&lt;local&gt;"/>
    <property name="jdk.debug" value="release"/>
    <property name="test" value="LibraryTest"/>
    <property name="surefire.test.class.path" value="/Users/dongqianyu/Documents/2025-Spring &amp; Summer/Database System/Lab/Labs/ZJU-Database-System/Lab5/target/test-classes:/Users/dongqianyu/Documents/2025-Spring &amp; Summer/Database System/Lab/Labs/ZJU-Database-System/Lab5/target/classes:/Users/dongqianyu/.m2/repository/com/mysql/mysql-connector-j/8.0.31/mysql-connector-j-8.0.31.jar:/Users/dongqianyu/.m2/repository/com/google/protobuf/protobuf-java/3.19.4/protobuf-java-3.19.4.jar:/Users/dongqianyu/.m2/repository/org/opengauss/opengauss-jdbc/3.1.0/opengauss-jdbc-3.1.0.jar:/Users/dongqianyu/.m2/repository/com/microsoft/sqlserver/mssql-jdbc/12.2.0.jre8/mssql-jdbc-12.2.0.jre8.jar:/Users/dongqianyu/.m2/repository/junit/junit/4.13.2/junit-4.13.2.jar:/Users/dongqianyu/.m2/repository/org/hamcrest/hamcrest-core/1.3/hamcrest-core-1.3.jar:/Users/dongqianyu/.m2/repository/org/projectlombok/lombok/1.18.24/lombok-1.18.24.jar:/Users/dongqianyu/.m2/repository/org/yaml/snakeyaml/1.33/snakeyaml-1.33.jar:/Users/dongqianyu/.m2/repository/org/apache/commons/commons-lang3/3.7/commons-lang3-3.7.jar:/Users/dongqianyu/.m2/repository/com/alibaba/fastjson2/fastjson2/2.0.56/fastjson2-2.0.56.jar:/Users/dongqianyu/.m2/repository/com/google/code/gson/gson/2.8.5/gson-2.8.5.jar:"/>
    <property name="sun.cpu.endian" value="little"/>
    <property name="user.home" value="/Users/dongqianyu"/>
    <property name="user.language" value="zh"/>
    <property name="java.specification.vendor" value="Oracle Corporation"/>
    <property name="java.version.date" value="2025-01-21"/>
    <property name="java.home" value="/opt/homebrew/Cellar/openjdk/23.0.2/libexec/openjdk.jdk/Contents/Home"/>
    <property name="file.separator" value="/"/>
    <property name="basedir" value="/Users/dongqianyu/Documents/2025-Spring &amp; Summer/Database System/Lab/Labs/ZJU-Database-System/Lab5"/>
    <property name="java.vm.compressedOopsMode" value="Zero based"/>
    <property name="line.separator" value="&#10;"/>
    <property name="java.vm.specification.vendor" value="Oracle Corporation"/>
    <property name="java.specification.name" value="Java Platform API Specification"/>
    <property name="apple.awt.application.name" value="ForkedBooter"/>
    <property name="surefire.real.class.path" value="/Users/dongqianyu/Documents/2025-Spring &amp; Summer/Database System/Lab/Labs/ZJU-Database-System/Lab5/target/surefire/surefirebooter-20250416092818096_3.jar"/>
    <property name="user.script" value="Hans"/>
    <property name="sun.management.compiler" value="HotSpot 64-Bit Tiered Compilers"/>
    <property name="ftp.nonProxyHosts" value="127.0.0.1|192.168.0.0/16|*.192.168.0.0/16|10.0.0.0/8|*.10.0.0.0/8|172.16.0.0/12|*.172.16.0.0/12|localhost|*.localhost|local|*.local|crashlytics.com|*.crashlytics.com|&lt;local&gt;|*.&lt;local&gt;"/>
    <property name="java.runtime.version" value="23.0.2"/>
    <property name="user.name" value="dongqianyu"/>
    <property name="stdout.encoding" value="UTF-8"/>
    <property name="path.separator" value=":"/>
    <property name="os.version" value="15.3.2"/>
    <property name="java.runtime.name" value="OpenJDK Runtime Environment"/>
    <property name="file.encoding" value="UTF-8"/>
    <property name="java.vm.name" value="OpenJDK 64-Bit Server VM"/>
    <property name="java.vendor.version" value="Homebrew"/>
    <property name="localRepository" value="/Users/dongqianyu/.m2/repository"/>
    <property name="java.vendor.url.bug" value="https://github.com/Homebrew/homebrew-core/issues"/>
    <property name="java.io.tmpdir" value="/var/folders/_2/136hv6w11jg4fhkqk8pgx_x80000gn/T/"/>
    <property name="java.version" value="23.0.2"/>
    <property name="user.dir" value="/Users/dongqianyu/Documents/2025-Spring &amp; Summer/Database System/Lab/Labs/ZJU-Database-System/Lab5"/>
    <property name="os.arch" value="aarch64"/>
    <property name="java.vm.specification.name" value="Java Virtual Machine Specification"/>
    <property name="native.encoding" value="UTF-8"/>
    <property name="java.library.path" value="/Users/dongqianyu/Library/Java/Extensions:/Library/Java/Extensions:/Network/Library/Java/Extensions:/System/Library/Java/Extensions:/usr/lib/java:."/>
    <property name="java.vm.info" value="mixed mode, sharing"/>
    <property name="stderr.encoding" value="UTF-8"/>
    <property name="java.vendor" value="Homebrew"/>
    <property name="java.vm.version" value="23.0.2"/>
    <property name="sun.io.unicode.encoding" value="UnicodeBig"/>
    <property name="socksNonProxyHosts" value="127.0.0.1|192.168.0.0/16|*.192.168.0.0/16|10.0.0.0/8|*.10.0.0.0/8|172.16.0.0/12|*.172.16.0.0/12|localhost|*.localhost|local|*.local|crashlytics.com|*.crashlytics.com|&lt;local&gt;|*.&lt;local&gt;"/>
    <property name="java.class.version" value="67.0"/>
  </properties>
  <testcase name="borrowAndReturnBookTest" classname="LibraryTest" time="2.793">
    <system-out><![CDATA[Successfully init class BookTest.
Successfully connect to database.
Successfully reset database.
Successfully release database connection.
]]></system-out>
  </testcase>
  <testcase name="bulkRegisterBookTest" classname="LibraryTest" time="0.323">
    <system-out><![CDATA[Successfully init class BookTest.
Successfully connect to database.
Successfully reset database.
Successfully release database connection.
]]></system-out>
  </testcase>
  <testcase name="modifyBookTest" classname="LibraryTest" time="0.066">
    <system-out><![CDATA[Successfully init class BookTest.
Successfully connect to database.
Successfully reset database.
Successfully release database connection.
]]></system-out>
  </testcase>
  <testcase name="bookRegisterTest" classname="LibraryTest" time="0.034">
    <system-out><![CDATA[Successfully init class BookTest.
Successfully connect to database.
Successfully reset database.
Successfully release database connection.
]]></system-out>
  </testcase>
  <testcase name="incBookStockTest" classname="LibraryTest" time="0.207">
    <system-out><![CDATA[Successfully init class BookTest.
Successfully connect to database.
Successfully reset database.
Successfully release database connection.
]]></system-out>
  </testcase>
  <testcase name="queryBookTest" classname="LibraryTest" time="0.2">
    <system-out><![CDATA[Successfully init class BookTest.
Successfully connect to database.
Successfully reset database.
Successfully release database connection.
]]></system-out>
  </testcase>
  <testcase name="registerAndShowAndRemoveCardTest" classname="LibraryTest" time="0.048">
    <system-out><![CDATA[Successfully init class BookTest.
Successfully connect to database.
Successfully reset database.
Successfully release database connection.
]]></system-out>
  </testcase>
  <testcase name="removeBookTest" classname="LibraryTest" time="0.042">
    <system-out><![CDATA[Successfully init class BookTest.
Successfully connect to database.
Successfully reset database.
Successfully release database connection.
]]></system-out>
  </testcase>
  <testcase name="parallelBorrowBookTest" classname="LibraryTest" time="0.1">
    <system-out><![CDATA[Successfully init class BookTest.
Successfully connect to database.
Successfully reset database.
Thread 0 begin to wait signal
Thread 1 begin to wait signal
Thread 2 begin to wait signal
Thread 3 begin to wait signal
Thread 4 begin to wait signal
Thread 5 begin to wait signal
Thread 6 begin to wait signal
Thread 7 begin to wait signal
Thread 8 begin to wait signal
Thread 9 begin to wait signal
Thread 10 begin to wait signal
Thread 11 begin to wait signal
Thread 12 begin to wait signal
Thread 13 begin to wait signal
Thread 14 begin to wait signal
Thread 15 begin to wait signal
Thread 0 start to borrow book
Thread 2 start to borrow book
Thread 1 start to borrow book
Thread 6 start to borrow book
Thread 8 start to borrow book
Thread 15 start to borrow book
Thread 14 start to borrow book
Thread 13 start to borrow book
Thread 11 start to borrow book
Thread 12 start to borrow book
Thread 10 start to borrow book
Thread 9 start to borrow book
Thread 7 start to borrow book
Thread 5 start to borrow book
Thread 4 start to borrow book
Thread 3 start to borrow book
Successfully release database connection.
]]></system-out>
  </testcase>
</testsuite>